Using pre-set license
Built from '2020.3/staging' branch; Version is '2020.3.19f1 (68f137dc9bbe) revision 6877495'; Using compiler version '192528614'; Build Type 'Release'
OS: 'Windows 10 Education; OS build 19042.928; Version 2009; 64bit' Language: 'en' Physical Memory: 16064 MB
BatchMode: 1, IsHumanControllingUs: 0, StartBugReporterOnCrash: 0, Is64bit: 1, IsPro: 0

COMMAND LINE ARGUMENTS:
C:\Program Files\Unity\Hub\Editor\2020.3.19f1\Editor\Unity.exe
-adb2
-batchMode
-noUpm
-name
AssetImportWorker0
-projectPath
C:/Users/abdula.fazeli/Documents/GitHub/Te4Unity/Te4Unity
-logFile
Logs/AssetImportWorker0.log
-srvPort
54745
Successfully changed project path to: C:/Users/abdula.fazeli/Documents/GitHub/Te4Unity/Te4Unity
C:/Users/abdula.fazeli/Documents/GitHub/Te4Unity/Te4Unity
Using Asset Import Pipeline V2.
Refreshing native plugins compatible for Editor in 103.23 ms, found 2 plugins.
Preloading 0 native plugins for Editor in 0.00 ms.
Initialize engine version: 2020.3.19f1 (68f137dc9bbe)
[Subsystems] Discovering subsystems at path C:/Program Files/Unity/Hub/Editor/2020.3.19f1/Editor/Data/Resources/UnitySubsystems
[Subsystems] Discovering subsystems at path C:/Users/abdula.fazeli/Documents/GitHub/Te4Unity/Te4Unity/Assets
GfxDevice: creating device client; threaded=0
Direct3D:
    Version:  Direct3D 11.0 [level 11.1]
    Renderer: NVIDIA GeForce MX450 (ID=0x1f97)
    Vendor:   
    VRAM:     1928 MB
    Driver:   27.21.14.6230
Initialize mono
Mono path[0] = 'C:/Program Files/Unity/Hub/Editor/2020.3.19f1/Editor/Data/Managed'
Mono path[1] = 'C:/Program Files/Unity/Hub/Editor/2020.3.19f1/Editor/Data/MonoBleedingEdge/lib/mono/unityjit'
Mono config path = 'C:/Program Files/Unity/Hub/Editor/2020.3.19f1/Editor/Data/MonoBleedingEdge/etc'
Using monoOptions --debugger-agent=transport=dt_socket,embedding=1,server=y,suspend=n,address=127.0.0.1:56124
Begin MonoManager ReloadAssembly
Registering precompiled unity dll's ...
Register platform support module: C:/Program Files/Unity/Hub/Editor/2020.3.19f1/Editor/Data/PlaybackEngines/WindowsStandaloneSupport/UnityEditor.WindowsStandalone.Extensions.dll
Registered in 0.003176 seconds.
Native extension for WindowsStandalone target not found
Refreshing native plugins compatible for Editor in 82.46 ms, found 2 plugins.
Preloading 0 native plugins for Editor in 0.00 ms.
Mono: successfully reloaded assembly
- Completed reload, in  2.753 seconds
Domain Reload Profiling:
	ReloadAssembly (2754ms)
		BeginReloadAssembly (188ms)
			ExecutionOrderSort (0ms)
			DisableScriptedObjects (0ms)
			BackupInstance (0ms)
			ReleaseScriptingObjects (0ms)
			CreateAndSetChildDomain (3ms)
		EndReloadAssembly (1299ms)
			LoadAssemblies (182ms)
			RebuildTransferFunctionScriptingTraits (0ms)
			SetupTypeCache (410ms)
			ReleaseScriptCaches (0ms)
			RebuildScriptCaches (95ms)
			SetupLoadedEditorAssemblies (481ms)
				LogAssemblyErrors (0ms)
				InitializePlatformSupportModulesInManaged (16ms)
				SetLoadedEditorAssemblies (1ms)
				RefreshPlugins (83ms)
				BeforeProcessingInitializeOnLoad (26ms)
				ProcessInitializeOnLoadAttributes (265ms)
				ProcessInitializeOnLoadMethodAttributes (90ms)
				AfterProcessingInitializeOnLoad (0ms)
				EditorAssembliesLoaded (0ms)
			ExecutionOrderSort2 (0ms)
			AwakeInstancesAfterBackupRestoration (0ms)
Platform modules already initialized, skipping
Registering precompiled user dll's ...
Registered in 0.004117 seconds.
Begin MonoManager ReloadAssembly
Native extension for WindowsStandalone target not found
Refreshing native plugins compatible for Editor in 2.38 ms, found 2 plugins.
Preloading 0 native plugins for Editor in 0.00 ms.
Mono: successfully reloaded assembly
- Completed reload, in  2.750 seconds
Domain Reload Profiling:
	ReloadAssembly (2754ms)
		BeginReloadAssembly (295ms)
			ExecutionOrderSort (0ms)
			DisableScriptedObjects (10ms)
			BackupInstance (0ms)
			ReleaseScriptingObjects (0ms)
			CreateAndSetChildDomain (60ms)
		EndReloadAssembly (2320ms)
			LoadAssemblies (238ms)
			RebuildTransferFunctionScriptingTraits (0ms)
			SetupTypeCache (786ms)
			ReleaseScriptCaches (2ms)
			RebuildScriptCaches (117ms)
			SetupLoadedEditorAssemblies (895ms)
				LogAssemblyErrors (0ms)
				InitializePlatformSupportModulesInManaged (17ms)
				SetLoadedEditorAssemblies (2ms)
				RefreshPlugins (3ms)
				BeforeProcessingInitializeOnLoad (133ms)
				ProcessInitializeOnLoadAttributes (703ms)
				ProcessInitializeOnLoadMethodAttributes (21ms)
				AfterProcessingInitializeOnLoad (15ms)
				EditorAssembliesLoaded (1ms)
			ExecutionOrderSort2 (0ms)
			AwakeInstancesAfterBackupRestoration (26ms)
Platform modules already initialized, skipping
========================================================================
Worker process is ready to serve import requests
Launched and connected shader compiler UnityShaderCompiler.exe after 0.19 seconds
Refreshing native plugins compatible for Editor in 1.32 ms, found 2 plugins.
Preloading 0 native plugins for Editor in 0.00 ms.
Unloading 1398 Unused Serialized files (Serialized files now loaded: 0)
System memory in use before: 64.8 MB.
System memory in use after: 64.9 MB.

Unloading 16 unused Assets to reduce memory usage. Loaded Objects now: 1833.
Total: 6.509600 ms (FindLiveObjects: 0.230600 ms CreateObjectMapping: 0.045200 ms MarkObjects: 5.990300 ms  DeleteObjects: 0.236300 ms)

AssetImportParameters requested are different than current active one (requested -> active):
  custom:framework-win-MediaFoundation: 216162199b28c13a410421893ffa2e32 -> 
  custom:video-decoder-ogg-theora: a1e56fd34408186e4bbccfd4996cb3dc -> 
  custom:container-muxer-webm: aa71ff27fc2769a1b78a27578f13a17b -> 
  custom:container-demuxer-webm: 4f35f7cbe854078d1ac9338744f61a02 -> 
  custom:container-demuxer-ogg: 62fdf1f143b41e24485cea50d1cbac27 -> 
  custom:video-encoder-webm-vp8: eb34c28f22e8b96e1ab97ce403110664 -> 
  custom:video-decoder-webm-vp8: 9c59270c3fd7afecdb556c50c9e8de78 -> 
  custom:audio-decoder-ogg-vorbis: bf7c407c2cedff20999df2af8eb42d56 -> 
  custom:audio-encoder-webm-vorbis: bf7c407c2cedff20999df2af8eb42d56 -> 
========================================================================
Received Import Request.
  path: Assets/Scenes
  artifactKey: Guid(986b54c469dae064fbe3c549b3911dae) Importer(815301076,1909f56bfc062723c751e8b465ee728b)
Start importing Assets/Scenes using Guid(986b54c469dae064fbe3c549b3911dae) Importer(815301076,1909f56bfc062723c751e8b465ee728b)  -> (artifact id: '0e67fea62a9f7599840a6f3758ad2f06') in 0.039342 seconds 
  Import took 0.046806 seconds .

========================================================================
Received Import Request.
  Time since last request: 17.498046 seconds.
  path: Assets/Scenes/AbdulasScene.unity
  artifactKey: Guid(c1ef8dbe64c83b34f88484172a0b0bfb) Importer(815301076,1909f56bfc062723c751e8b465ee728b)
Start importing Assets/Scenes/AbdulasScene.unity using Guid(c1ef8dbe64c83b34f88484172a0b0bfb) Importer(815301076,1909f56bfc062723c751e8b465ee728b)  -> (artifact id: '24cd8e38f2ac79729fbb35d1b12ad1bf') in 0.045660 seconds 
  Import took 0.051098 seconds .

========================================================================
Received Import Request.
  Time since last request: 3.973156 seconds.
  path: Assets/Prefabs
  artifactKey: Guid(baac966b765a0d242b88e8c7056971de) Importer(815301076,1909f56bfc062723c751e8b465ee728b)
Start importing Assets/Prefabs using Guid(baac966b765a0d242b88e8c7056971de) Importer(815301076,1909f56bfc062723c751e8b465ee728b)  -> (artifact id: '365868db4c8d0953715e1369c15dc5df') in 0.035460 seconds 
  Import took 0.044712 seconds .

========================================================================
Received Import Request.
  Time since last request: 6.967799 seconds.
  path: Assets/Prefabs/Abdula
  artifactKey: Guid(e375173bafdb19943ac4855f15784d6c) Importer(815301076,1909f56bfc062723c751e8b465ee728b)
Start importing Assets/Prefabs/Abdula using Guid(e375173bafdb19943ac4855f15784d6c) Importer(815301076,1909f56bfc062723c751e8b465ee728b)  -> (artifact id: '39c7a064775e0f53b3ebb30ef5600b3a') in 0.024958 seconds 
  Import took 0.033002 seconds .

========================================================================
Received Import Request.
  Time since last request: 3.445161 seconds.
  path: Assets/Scripts
  artifactKey: Guid(3391fa43cedabef45bd6493a6d54b48b) Importer(815301076,1909f56bfc062723c751e8b465ee728b)
Start importing Assets/Scripts using Guid(3391fa43cedabef45bd6493a6d54b48b) Importer(815301076,1909f56bfc062723c751e8b465ee728b)  -> (artifact id: 'b9223dc0c9d8338f4871b33da08bfea6') in 0.025510 seconds 
  Import took 0.037625 seconds .

========================================================================
Received Import Request.
  Time since last request: 5.954267 seconds.
  path: Assets/Scripts/Abdula
  artifactKey: Guid(8f48b2a44a5862843ad09b19adc49837) Importer(815301076,1909f56bfc062723c751e8b465ee728b)
Start importing Assets/Scripts/Abdula using Guid(8f48b2a44a5862843ad09b19adc49837) Importer(815301076,1909f56bfc062723c751e8b465ee728b)  -> (artifact id: 'b3d0c0647286e2842d5c2d0a4dd38fff') in 0.012277 seconds 
  Import took 0.020281 seconds .

========================================================================
Received Import Request.
  Time since last request: 2.207487 seconds.
  path: Assets/Prefabs/Bjarnes/Cube.prefab
  artifactKey: Guid(f4e29d0e4a62d4741afd63bbc82fbd78) Importer(815301076,1909f56bfc062723c751e8b465ee728b)
Start importing Assets/Prefabs/Bjarnes/Cube.prefab using Guid(f4e29d0e4a62d4741afd63bbc82fbd78) Importer(815301076,1909f56bfc062723c751e8b465ee728b)  -> (artifact id: 'adc609725c4a4e0c381ca0e3942ce8d6') in 0.799105 seconds 
  Import took 0.807960 seconds .

========================================================================
Received Import Request.
  Time since last request: 308.906505 seconds.
  path: Assets/Scenes/BjarnesScene.unity
  artifactKey: Guid(e8077765d712ce044b1d367c405b7347) Importer(815301076,1909f56bfc062723c751e8b465ee728b)
Start importing Assets/Scenes/BjarnesScene.unity using Guid(e8077765d712ce044b1d367c405b7347) Importer(815301076,1909f56bfc062723c751e8b465ee728b)  -> (artifact id: '60c646e9de7d7f2ad2a16c537cb1f4d1') in 0.026407 seconds 
  Import took 0.035713 seconds .

========================================================================
Received Import Request.
  Time since last request: 2.402464 seconds.
  path: Assets/Scenes/Daniel_Scene.unity
  artifactKey: Guid(004371d985d46a147a46448f2bc26a6f) Importer(815301076,1909f56bfc062723c751e8b465ee728b)
Start importing Assets/Scenes/Daniel_Scene.unity using Guid(004371d985d46a147a46448f2bc26a6f) Importer(815301076,1909f56bfc062723c751e8b465ee728b)  -> (artifact id: '7e2ac3005ccd7550218f5ba64cd48019') in 0.026433 seconds 
  Import took 0.038741 seconds .

========================================================================
Received Prepare
Registering precompiled user dll's ...
Registered in 0.003770 seconds.
Begin MonoManager ReloadAssembly
Native extension for WindowsStandalone target not found
Refreshing native plugins compatible for Editor in 1.74 ms, found 2 plugins.
Preloading 0 native plugins for Editor in 0.00 ms.
Mono: successfully reloaded assembly
- Completed reload, in  3.080 seconds
Domain Reload Profiling:
	ReloadAssembly (3082ms)
		BeginReloadAssembly (374ms)
			ExecutionOrderSort (0ms)
			DisableScriptedObjects (21ms)
			BackupInstance (0ms)
			ReleaseScriptingObjects (0ms)
			CreateAndSetChildDomain (158ms)
		EndReloadAssembly (2530ms)
			LoadAssemblies (262ms)
			RebuildTransferFunctionScriptingTraits (0ms)
			SetupTypeCache (917ms)
			ReleaseScriptCaches (5ms)
			RebuildScriptCaches (159ms)
			SetupLoadedEditorAssemblies (894ms)
				LogAssemblyErrors (0ms)
				InitializePlatformSupportModulesInManaged (19ms)
				SetLoadedEditorAssemblies (1ms)
				RefreshPlugins (2ms)
				BeforeProcessingInitializeOnLoad (133ms)
				ProcessInitializeOnLoadAttributes (706ms)
				ProcessInitializeOnLoadMethodAttributes (16ms)
				AfterProcessingInitializeOnLoad (15ms)
				EditorAssembliesLoaded (1ms)
			ExecutionOrderSort2 (0ms)
			AwakeInstancesAfterBackupRestoration (25ms)
Platform modules already initialized, skipping
Refreshing native plugins compatible for Editor in 0.67 ms, found 2 plugins.
Preloading 0 native plugins for Editor in 0.00 ms.
Unloading 1392 Unused Serialized files (Serialized files now loaded: 0)
System memory in use before: 67.8 MB.
System memory in use after: 67.9 MB.

Unloading 12 unused Assets to reduce memory usage. Loaded Objects now: 1843.
Total: 7.025300 ms (FindLiveObjects: 0.576600 ms CreateObjectMapping: 0.158400 ms MarkObjects: 6.150500 ms  DeleteObjects: 0.132200 ms)

AssetImportParameters requested are different than current active one (requested -> active):
  custom:framework-win-MediaFoundation: 216162199b28c13a410421893ffa2e32 -> 
  custom:video-decoder-ogg-theora: a1e56fd34408186e4bbccfd4996cb3dc -> 
  custom:container-muxer-webm: aa71ff27fc2769a1b78a27578f13a17b -> 
  custom:container-demuxer-webm: 4f35f7cbe854078d1ac9338744f61a02 -> 
  custom:container-demuxer-ogg: 62fdf1f143b41e24485cea50d1cbac27 -> 
  custom:video-encoder-webm-vp8: eb34c28f22e8b96e1ab97ce403110664 -> 
  custom:video-decoder-webm-vp8: 9c59270c3fd7afecdb556c50c9e8de78 -> 
  custom:audio-decoder-ogg-vorbis: bf7c407c2cedff20999df2af8eb42d56 -> 
  custom:audio-encoder-webm-vorbis: bf7c407c2cedff20999df2af8eb42d56 -> 
========================================================================
Received Import Request.
  Time since last request: 178.278810 seconds.
  path: Assets/Scenes/AbdulasScene.unity
  artifactKey: Guid(c1ef8dbe64c83b34f88484172a0b0bfb) Importer(815301076,1909f56bfc062723c751e8b465ee728b)
Start importing Assets/Scenes/AbdulasScene.unity using Guid(c1ef8dbe64c83b34f88484172a0b0bfb) Importer(815301076,1909f56bfc062723c751e8b465ee728b)  -> (artifact id: '3a65510c32237ec76766c9cb11702bbe') in 0.039825 seconds 
  Import took 0.048041 seconds .

========================================================================
Received Import Request.
  Time since last request: 24.314211 seconds.
  path: Assets/Scripts/Bjarnes/BjarnesTestScript.cs
  artifactKey: Guid(9cffd68113bed9e46b652596c6ca031e) Importer(815301076,1909f56bfc062723c751e8b465ee728b)
Start importing Assets/Scripts/Bjarnes/BjarnesTestScript.cs using Guid(9cffd68113bed9e46b652596c6ca031e) Importer(815301076,1909f56bfc062723c751e8b465ee728b)  -> (artifact id: 'bec310537e09ff995f5e628643fdb8d2') in 0.059707 seconds 
  Import took 0.074091 seconds .

========================================================================
Received Import Request.
  Time since last request: 34.618608 seconds.
  path: Assets/Scenes/Harry.unity
  artifactKey: Guid(2517c2188d3858c44836eec0f72e832d) Importer(815301076,1909f56bfc062723c751e8b465ee728b)
Start importing Assets/Scenes/Harry.unity using Guid(2517c2188d3858c44836eec0f72e832d) Importer(815301076,1909f56bfc062723c751e8b465ee728b)  -> (artifact id: '45ce7c04b135cc08393e6a1e6ca0e4e9') in 0.025738 seconds 
  Import took 0.036840 seconds .

========================================================================
Received Import Request.
  Time since last request: 1.354005 seconds.
  path: Assets/Scenes/Ruben.unity
  artifactKey: Guid(3f90c680ad2941e4285a87fbc40d2971) Importer(815301076,1909f56bfc062723c751e8b465ee728b)
Start importing Assets/Scenes/Ruben.unity using Guid(3f90c680ad2941e4285a87fbc40d2971) Importer(815301076,1909f56bfc062723c751e8b465ee728b)  -> (artifact id: '19c4f473436f4b8eb7c21779b0cf18d7') in 0.026351 seconds 
  Import took 0.036099 seconds .

========================================================================
Received Import Request.
  Time since last request: 0.943747 seconds.
  path: Assets/Scenes/SampleScene.unity
  artifactKey: Guid(9fc0d4010bbf28b4594072e72b8655ab) Importer(815301076,1909f56bfc062723c751e8b465ee728b)
Start importing Assets/Scenes/SampleScene.unity using Guid(9fc0d4010bbf28b4594072e72b8655ab) Importer(815301076,1909f56bfc062723c751e8b465ee728b)  -> (artifact id: 'dcc088d1731b590f9572c6f2bab98c6a') in 0.031343 seconds 
  Import took 0.040284 seconds .

========================================================================
Received Import Request.
  Time since last request: 0.979792 seconds.
  path: Assets/Scenes/William.unity
  artifactKey: Guid(90b11ca65e26ae5409b0e8f70c264085) Importer(815301076,1909f56bfc062723c751e8b465ee728b)
Start importing Assets/Scenes/William.unity using Guid(90b11ca65e26ae5409b0e8f70c264085) Importer(815301076,1909f56bfc062723c751e8b465ee728b)  -> (artifact id: 'd7bdc1265e84f284be6fb691e9c66341') in 0.025966 seconds 
  Import took 0.034097 seconds .

========================================================================
Received Import Request.
  Time since last request: 7.405032 seconds.
  path: Assets/Scenes/AbdulasScene.unity
  artifactKey: Guid(c1ef8dbe64c83b34f88484172a0b0bfb) Importer(815301076,1909f56bfc062723c751e8b465ee728b)
Start importing Assets/Scenes/AbdulasScene.unity using Guid(c1ef8dbe64c83b34f88484172a0b0bfb) Importer(815301076,1909f56bfc062723c751e8b465ee728b)  -> (artifact id: '03ecf0daa667fdd3c8cd52e4861f2bad') in 0.008674 seconds 
  Import took 0.016469 seconds .

========================================================================
Received Prepare
Registering precompiled user dll's ...
Registered in 0.006239 seconds.
Begin MonoManager ReloadAssembly
Native extension for WindowsStandalone target not found
Refreshing native plugins compatible for Editor in 0.46 ms, found 2 plugins.
Preloading 0 native plugins for Editor in 0.00 ms.
Mono: successfully reloaded assembly
- Completed reload, in  2.748 seconds
Domain Reload Profiling:
	ReloadAssembly (2749ms)
		BeginReloadAssembly (314ms)
			ExecutionOrderSort (0ms)
			DisableScriptedObjects (14ms)
			BackupInstance (0ms)
			ReleaseScriptingObjects (1ms)
			CreateAndSetChildDomain (138ms)
		EndReloadAssembly (2271ms)
			LoadAssemblies (228ms)
			RebuildTransferFunctionScriptingTraits (1ms)
			SetupTypeCache (731ms)
			ReleaseScriptCaches (3ms)
			RebuildScriptCaches (117ms)
			SetupLoadedEditorAssemblies (884ms)
				LogAssemblyErrors (0ms)
				InitializePlatformSupportModulesInManaged (16ms)
				SetLoadedEditorAssemblies (1ms)
				RefreshPlugins (1ms)
				BeforeProcessingInitializeOnLoad (131ms)
				ProcessInitializeOnLoadAttributes (710ms)
				ProcessInitializeOnLoadMethodAttributes (21ms)
				AfterProcessingInitializeOnLoad (5ms)
				EditorAssembliesLoaded (0ms)
			ExecutionOrderSort2 (0ms)
			AwakeInstancesAfterBackupRestoration (22ms)
Platform modules already initialized, skipping
Refreshing native plugins compatible for Editor in 0.67 ms, found 2 plugins.
Preloading 0 native plugins for Editor in 0.00 ms.
Unloading 1392 Unused Serialized files (Serialized files now loaded: 0)
System memory in use before: 67.9 MB.
System memory in use after: 68.0 MB.

Unloading 11 unused Assets to reduce memory usage. Loaded Objects now: 1845.
Total: 5.679100 ms (FindLiveObjects: 0.503900 ms CreateObjectMapping: 0.055400 ms MarkObjects: 5.084800 ms  DeleteObjects: 0.025000 ms)

AssetImportParameters requested are different than current active one (requested -> active):
  custom:framework-win-MediaFoundation: 216162199b28c13a410421893ffa2e32 -> 
  custom:video-decoder-ogg-theora: a1e56fd34408186e4bbccfd4996cb3dc -> 
  custom:container-muxer-webm: aa71ff27fc2769a1b78a27578f13a17b -> 
  custom:container-demuxer-webm: 4f35f7cbe854078d1ac9338744f61a02 -> 
  custom:container-demuxer-ogg: 62fdf1f143b41e24485cea50d1cbac27 -> 
  custom:video-encoder-webm-vp8: eb34c28f22e8b96e1ab97ce403110664 -> 
  custom:video-decoder-webm-vp8: 9c59270c3fd7afecdb556c50c9e8de78 -> 
  custom:audio-decoder-ogg-vorbis: bf7c407c2cedff20999df2af8eb42d56 -> 
  custom:audio-encoder-webm-vorbis: bf7c407c2cedff20999df2af8eb42d56 -> 
========================================================================
Received Import Request.
  Time since last request: 167.715985 seconds.
  path: Assets/Scenes/AbdulasScene.unity
  artifactKey: Guid(c1ef8dbe64c83b34f88484172a0b0bfb) Importer(815301076,1909f56bfc062723c751e8b465ee728b)
Start importing Assets/Scenes/AbdulasScene.unity using Guid(c1ef8dbe64c83b34f88484172a0b0bfb) Importer(815301076,1909f56bfc062723c751e8b465ee728b)  -> (artifact id: 'c2ba8c3feeabd8f5f737eb650729f69e') in 0.046032 seconds 
  Import took 0.056906 seconds .

========================================================================
Received Prepare
Registering precompiled user dll's ...
Registered in 0.005235 seconds.
Begin MonoManager ReloadAssembly
Native extension for WindowsStandalone target not found
Refreshing native plugins compatible for Editor in 0.58 ms, found 2 plugins.
Preloading 0 native plugins for Editor in 0.00 ms.
Mono: successfully reloaded assembly
- Completed reload, in  1.899 seconds
Domain Reload Profiling:
	ReloadAssembly (1901ms)
		BeginReloadAssembly (222ms)
			ExecutionOrderSort (0ms)
			DisableScriptedObjects (10ms)
			BackupInstance (0ms)
			ReleaseScriptingObjects (0ms)
			CreateAndSetChildDomain (66ms)
		EndReloadAssembly (1547ms)
			LoadAssemblies (166ms)
			RebuildTransferFunctionScriptingTraits (0ms)
			SetupTypeCache (601ms)
			ReleaseScriptCaches (1ms)
			RebuildScriptCaches (82ms)
			SetupLoadedEditorAssemblies (549ms)
				LogAssemblyErrors (0ms)
				InitializePlatformSupportModulesInManaged (6ms)
				SetLoadedEditorAssemblies (2ms)
				RefreshPlugins (1ms)
				BeforeProcessingInitializeOnLoad (101ms)
				ProcessInitializeOnLoadAttributes (420ms)
				ProcessInitializeOnLoadMethodAttributes (13ms)
				AfterProcessingInitializeOnLoad (6ms)
				EditorAssembliesLoaded (0ms)
			ExecutionOrderSort2 (0ms)
			AwakeInstancesAfterBackupRestoration (16ms)
Platform modules already initialized, skipping
Refreshing native plugins compatible for Editor in 0.32 ms, found 2 plugins.
Preloading 0 native plugins for Editor in 0.00 ms.
Unloading 1392 Unused Serialized files (Serialized files now loaded: 0)
System memory in use before: 67.9 MB.
System memory in use after: 68.0 MB.

Unloading 11 unused Assets to reduce memory usage. Loaded Objects now: 1847.
Total: 6.695300 ms (FindLiveObjects: 0.129200 ms CreateObjectMapping: 0.051400 ms MarkObjects: 6.479900 ms  DeleteObjects: 0.032700 ms)

AssetImportParameters requested are different than current active one (requested -> active):
  custom:framework-win-MediaFoundation: 216162199b28c13a410421893ffa2e32 -> 
  custom:video-decoder-ogg-theora: a1e56fd34408186e4bbccfd4996cb3dc -> 
  custom:container-muxer-webm: aa71ff27fc2769a1b78a27578f13a17b -> 
  custom:container-demuxer-webm: 4f35f7cbe854078d1ac9338744f61a02 -> 
  custom:container-demuxer-ogg: 62fdf1f143b41e24485cea50d1cbac27 -> 
  custom:video-encoder-webm-vp8: eb34c28f22e8b96e1ab97ce403110664 -> 
  custom:video-decoder-webm-vp8: 9c59270c3fd7afecdb556c50c9e8de78 -> 
  custom:audio-decoder-ogg-vorbis: bf7c407c2cedff20999df2af8eb42d56 -> 
  custom:audio-encoder-webm-vorbis: bf7c407c2cedff20999df2af8eb42d56 -> 
========================================================================
Received Import Request.
  Time since last request: 373.832788 seconds.
  path: Assets/Scenes/AbdulasScene.unity
  artifactKey: Guid(c1ef8dbe64c83b34f88484172a0b0bfb) Importer(815301076,1909f56bfc062723c751e8b465ee728b)
Start importing Assets/Scenes/AbdulasScene.unity using Guid(c1ef8dbe64c83b34f88484172a0b0bfb) Importer(815301076,1909f56bfc062723c751e8b465ee728b)  -> (artifact id: 'f47c20909594537df84057a7a976048b') in 0.029098 seconds 
  Import took 0.035702 seconds .

========================================================================
Received Prepare
Registering precompiled user dll's ...
Registered in 0.004990 seconds.
Begin MonoManager ReloadAssembly
Native extension for WindowsStandalone target not found
Refreshing native plugins compatible for Editor in 0.70 ms, found 2 plugins.
Preloading 0 native plugins for Editor in 0.00 ms.
Mono: successfully reloaded assembly
- Completed reload, in  2.299 seconds
Domain Reload Profiling:
	ReloadAssembly (2302ms)
		BeginReloadAssembly (233ms)
			ExecutionOrderSort (0ms)
			DisableScriptedObjects (14ms)
			BackupInstance (0ms)
			ReleaseScriptingObjects (0ms)
			CreateAndSetChildDomain (85ms)
		EndReloadAssembly (1933ms)
			LoadAssemblies (199ms)
			RebuildTransferFunctionScriptingTraits (0ms)
			SetupTypeCache (683ms)
			ReleaseScriptCaches (6ms)
			RebuildScriptCaches (98ms)
			SetupLoadedEditorAssemblies (664ms)
				LogAssemblyErrors (0ms)
				InitializePlatformSupportModulesInManaged (12ms)
				SetLoadedEditorAssemblies (1ms)
				RefreshPlugins (1ms)
				BeforeProcessingInitializeOnLoad (119ms)
				ProcessInitializeOnLoadAttributes (511ms)
				ProcessInitializeOnLoadMethodAttributes (12ms)
				AfterProcessingInitializeOnLoad (7ms)
				EditorAssembliesLoaded (0ms)
			ExecutionOrderSort2 (0ms)
			AwakeInstancesAfterBackupRestoration (21ms)
Platform modules already initialized, skipping
Refreshing native plugins compatible for Editor in 0.53 ms, found 2 plugins.
Preloading 0 native plugins for Editor in 0.00 ms.
Unloading 1392 Unused Serialized files (Serialized files now loaded: 0)
System memory in use before: 67.9 MB.
System memory in use after: 68.0 MB.

Unloading 11 unused Assets to reduce memory usage. Loaded Objects now: 1849.
Total: 12.116200 ms (FindLiveObjects: 2.157300 ms CreateObjectMapping: 0.333600 ms MarkObjects: 9.556900 ms  DeleteObjects: 0.055600 ms)

AssetImportParameters requested are different than current active one (requested -> active):
  custom:framework-win-MediaFoundation: 216162199b28c13a410421893ffa2e32 -> 
  custom:video-decoder-ogg-theora: a1e56fd34408186e4bbccfd4996cb3dc -> 
  custom:container-muxer-webm: aa71ff27fc2769a1b78a27578f13a17b -> 
  custom:container-demuxer-webm: 4f35f7cbe854078d1ac9338744f61a02 -> 
  custom:container-demuxer-ogg: 62fdf1f143b41e24485cea50d1cbac27 -> 
  custom:video-encoder-webm-vp8: eb34c28f22e8b96e1ab97ce403110664 -> 
  custom:video-decoder-webm-vp8: 9c59270c3fd7afecdb556c50c9e8de78 -> 
  custom:audio-decoder-ogg-vorbis: bf7c407c2cedff20999df2af8eb42d56 -> 
  custom:audio-encoder-webm-vorbis: bf7c407c2cedff20999df2af8eb42d56 -> 
